<?xml version="1.0" encoding="UTF-8"?>
<testng-results skipped="0" failed="1" total="10" passed="9">
  <reporter-output>
  </reporter-output>
  <suite name="Command line suite" duration-ms="23487" started-at="2018-04-19T08:17:48Z" finished-at="2018-04-19T08:18:12Z">
    <groups>
    </groups>
    <test name="Command line test" duration-ms="23487" started-at="2018-04-19T08:17:48Z" finished-at="2018-04-19T08:18:12Z">
      <class name="com.lch.testscripts.TestScripts">
        <test-method status="PASS" signature="beforeSuite()[pri:0, instance:com.lch.testscripts.TestScripts@448ff1a8]" name="beforeSuite" is-config="true" duration-ms="544" started-at="2018-04-19T13:47:48Z" finished-at="2018-04-19T13:47:49Z">
          <reporter-output>
          </reporter-output>
        </test-method> <!-- beforeSuite -->
        <test-method status="PASS" signature="testMethod(java.util.Map)[pri:0, instance:com.lch.testscripts.TestScripts@448ff1a8]" name="testMethod" duration-ms="2440" started-at="2018-04-19T13:47:49Z" data-provider="testData" finished-at="2018-04-19T13:47:51Z">
          <params>
            <param index="0">
              <value>
                <![CDATA[{APIURL=http://localhost:9191/rest/wrappers/2, Param6=NA, APIName=New, Param5=NA, Param4=NA, Param3=NA, Param2=NA, Param1=NA, TCID=1, Type=GET, ExpResponseCode=200, Validation2=body.wrappers[0].counterPartyMemberName=RBS, Validation1=responseCode=4502, Header=header_1}]]>
              </value>
            </param>
          </params>
          <reporter-output>
          </reporter-output>
        </test-method> <!-- testMethod -->
        <test-method status="FAIL" signature="testMethod(java.util.Map)[pri:0, instance:com.lch.testscripts.TestScripts@448ff1a8]" name="testMethod" duration-ms="4016" started-at="2018-04-19T13:47:51Z" data-provider="testData" finished-at="2018-04-19T13:47:55Z">
          <params>
            <param index="0">
              <value>
                <![CDATA[{APIURL=http://localhost:9191/rest/wrappers/32/cfds, Param6=NA, APIName=API1, Param5=NA, Param4=NA, Param3=NA, Param2=NA, Param1=NA, TCID=2, Type=POST, ExpResponseCode=201, Validation2=NA, Validation1=responseCode=4501, Header=header_1}]]>
              </value>
            </param>
          </params>
          <exception class="java.lang.AssertionError">
            <message>
              <![CDATA[The following asserts failed:
	expected [201] but found [200]]]>
            </message>
            <full-stacktrace>
              <![CDATA[java.lang.AssertionError: The following asserts failed:
	expected [201] but found [200]
	at org.testng.asserts.SoftAssert.assertAll(SoftAssert.java:43)
	at com.lch.testscripts.TestScripts.testMethod(TestScripts.java:100)
	at sun.reflect.NativeMethodAccessorImpl.invoke0(Native Method)
	at sun.reflect.NativeMethodAccessorImpl.invoke(Unknown Source)
	at sun.reflect.DelegatingMethodAccessorImpl.invoke(Unknown Source)
	at java.lang.reflect.Method.invoke(Unknown Source)
	at org.testng.internal.MethodInvocationHelper.invokeMethod(MethodInvocationHelper.java:86)
	at org.testng.internal.Invoker.invokeMethod(Invoker.java:643)
	at org.testng.internal.Invoker.invokeTestMethod(Invoker.java:820)
	at org.testng.internal.Invoker.invokeTestMethods(Invoker.java:1128)
	at org.testng.internal.TestMethodWorker.invokeTestMethods(TestMethodWorker.java:129)
	at org.testng.internal.TestMethodWorker.run(TestMethodWorker.java:112)
	at org.testng.TestRunner.privateRun(TestRunner.java:782)
	at org.testng.TestRunner.run(TestRunner.java:632)
	at org.testng.SuiteRunner.runTest(SuiteRunner.java:366)
	at org.testng.SuiteRunner.runSequentially(SuiteRunner.java:361)
	at org.testng.SuiteRunner.privateRun(SuiteRunner.java:319)
	at org.testng.SuiteRunner.run(SuiteRunner.java:268)
	at org.testng.SuiteRunnerWorker.runSuite(SuiteRunnerWorker.java:52)
	at org.testng.SuiteRunnerWorker.run(SuiteRunnerWorker.java:86)
	at org.testng.TestNG.runSuitesSequentially(TestNG.java:1244)
	at org.testng.TestNG.runSuitesLocally(TestNG.java:1169)
	at org.testng.TestNG.run(TestNG.java:1064)
	at org.apache.maven.surefire.testng.TestNGExecutor.run(TestNGExecutor.java:77)
	at org.apache.maven.surefire.testng.TestNGDirectoryTestSuite.executeMulti(TestNGDirectoryTestSuite.java:159)
	at org.apache.maven.surefire.testng.TestNGDirectoryTestSuite.execute(TestNGDirectoryTestSuite.java:99)
	at org.apache.maven.surefire.testng.TestNGProvider.invoke(TestNGProvider.java:106)
	at sun.reflect.NativeMethodAccessorImpl.invoke0(Native Method)
	at sun.reflect.NativeMethodAccessorImpl.invoke(Unknown Source)
	at sun.reflect.DelegatingMethodAccessorImpl.invoke(Unknown Source)
	at java.lang.reflect.Method.invoke(Unknown Source)
	at org.apache.maven.surefire.util.ReflectionUtils.invokeMethodWithArray(ReflectionUtils.java:189)
	at org.apache.maven.surefire.booter.ProviderFactory$ProviderProxy.invoke(ProviderFactory.java:165)
	at org.apache.maven.surefire.booter.ProviderFactory.invokeProvider(ProviderFactory.java:85)
	at org.apache.maven.surefire.booter.ForkedBooter.runSuitesInProcess(ForkedBooter.java:115)
	at org.apache.maven.surefire.booter.ForkedBooter.main(ForkedBooter.java:75)
]]>
            </full-stacktrace>
          </exception> <!-- java.lang.AssertionError -->
          <reporter-output>
          </reporter-output>
        </test-method> <!-- testMethod -->
        <test-method status="PASS" signature="testMethod(java.util.Map)[pri:0, instance:com.lch.testscripts.TestScripts@448ff1a8]" name="testMethod" duration-ms="244" started-at="2018-04-19T13:47:55Z" data-provider="testData" finished-at="2018-04-19T13:47:56Z">
          <params>
            <param index="0">
              <value>
                <![CDATA[{APIURL=http://localhost:9191/rest/wrappers/2, Param6=NA, APIName=API1, Param5=NA, Param4=NA, Param3=NA, Param2=NA, Param1=NA, TCID=3, Type=GET, ExpResponseCode=200, Validation2=body.wrappers[0].counterPartyMemberName=RBS, Validation1=responseCode=4502, Header=header_1}]]>
              </value>
            </param>
          </params>
          <reporter-output>
          </reporter-output>
        </test-method> <!-- testMethod -->
        <test-method status="PASS" signature="testMethod(java.util.Map)[pri:0, instance:com.lch.testscripts.TestScripts@448ff1a8]" name="testMethod" duration-ms="3600" started-at="2018-04-19T13:47:56Z" data-provider="testData" finished-at="2018-04-19T13:47:59Z">
          <params>
            <param index="0">
              <value>
                <![CDATA[{APIURL=http://localhost:9191/rest/wrappers/32/cfds, Param6=NA, APIName=API1, Param5=NA, Param4=NA, Param3=NA, Param2=NA, Param1=NA, TCID=4, Type=POST, ExpResponseCode=200, Validation2=NA, Validation1=responseCode=4501, Header=header_1}]]>
              </value>
            </param>
          </params>
          <reporter-output>
          </reporter-output>
        </test-method> <!-- testMethod -->
        <test-method status="PASS" signature="testMethod(java.util.Map)[pri:0, instance:com.lch.testscripts.TestScripts@448ff1a8]" name="testMethod" duration-ms="385" started-at="2018-04-19T13:47:59Z" data-provider="testData" finished-at="2018-04-19T13:48:00Z">
          <params>
            <param index="0">
              <value>
                <![CDATA[{APIURL=http://localhost:9191/rest/wrappers/2, Param6=NA, APIName=API1, Param5=NA, Param4=NA, Param3=NA, Param2=NA, Param1=NA, TCID=5, Type=GET, ExpResponseCode=200, Validation2=body.wrappers[0].counterPartyMemberName=RBS, Validation1=responseCode=4502, Header=header_1}]]>
              </value>
            </param>
          </params>
          <reporter-output>
          </reporter-output>
        </test-method> <!-- testMethod -->
        <test-method status="PASS" signature="testMethod(java.util.Map)[pri:0, instance:com.lch.testscripts.TestScripts@448ff1a8]" name="testMethod" duration-ms="3667" started-at="2018-04-19T13:48:00Z" data-provider="testData" finished-at="2018-04-19T13:48:03Z">
          <params>
            <param index="0">
              <value>
                <![CDATA[{APIURL=http://localhost:9191/rest/wrappers/32/cfds, Param6=NA, APIName=API1, Param5=NA, Param4=NA, Param3=NA, Param2=NA, Param1=NA, TCID=6, Type=POST, ExpResponseCode=200, Validation2=NA, Validation1=responseCode=4501, Header=header_1}]]>
              </value>
            </param>
          </params>
          <reporter-output>
          </reporter-output>
        </test-method> <!-- testMethod -->
        <test-method status="PASS" signature="testMethod(java.util.Map)[pri:0, instance:com.lch.testscripts.TestScripts@448ff1a8]" name="testMethod" duration-ms="249" started-at="2018-04-19T13:48:03Z" data-provider="testData" finished-at="2018-04-19T13:48:04Z">
          <params>
            <param index="0">
              <value>
                <![CDATA[{APIURL=http://localhost:9191/rest/wrappers/2, Param6=NA, APIName=API1, Param5=NA, Param4=NA, Param3=NA, Param2=NA, Param1=NA, TCID=7, Type=GET, ExpResponseCode=200, Validation2=body.wrappers[0].counterPartyMemberName=RBS, Validation1=responseCode=4502, Header=header_1}]]>
              </value>
            </param>
          </params>
          <reporter-output>
          </reporter-output>
        </test-method> <!-- testMethod -->
        <test-method status="PASS" signature="testMethod(java.util.Map)[pri:0, instance:com.lch.testscripts.TestScripts@448ff1a8]" name="testMethod" duration-ms="3763" started-at="2018-04-19T13:48:04Z" data-provider="testData" finished-at="2018-04-19T13:48:07Z">
          <params>
            <param index="0">
              <value>
                <![CDATA[{APIURL=http://localhost:9191/rest/wrappers/32/cfds, Param6=NA, APIName=API1, Param5=NA, Param4=NA, Param3=NA, Param2=NA, Param1=NA, TCID=8, Type=POST, ExpResponseCode=200, Validation2=NA, Validation1=responseCode=4501, Header=header_1}]]>
              </value>
            </param>
          </params>
          <reporter-output>
          </reporter-output>
        </test-method> <!-- testMethod -->
        <test-method status="PASS" signature="testMethod(java.util.Map)[pri:0, instance:com.lch.testscripts.TestScripts@448ff1a8]" name="testMethod" duration-ms="237" started-at="2018-04-19T13:48:07Z" data-provider="testData" finished-at="2018-04-19T13:48:08Z">
          <params>
            <param index="0">
              <value>
                <![CDATA[{APIURL=http://localhost:9191/rest/wrappers/2, Param6=NA, APIName=API1, Param5=NA, Param4=NA, Param3=NA, Param2=NA, Param1=NA, TCID=9, Type=GET, ExpResponseCode=200, Validation2=body.wrappers[0].counterPartyMemberName=RBS, Validation1=responseCode=4502, Header=header_1}]]>
              </value>
            </param>
          </params>
          <reporter-output>
          </reporter-output>
        </test-method> <!-- testMethod -->
        <test-method status="PASS" signature="testMethod(java.util.Map)[pri:0, instance:com.lch.testscripts.TestScripts@448ff1a8]" name="testMethod" duration-ms="4040" started-at="2018-04-19T13:48:08Z" data-provider="testData" finished-at="2018-04-19T13:48:12Z">
          <params>
            <param index="0">
              <value>
                <![CDATA[{APIURL=http://localhost:9191/rest/wrappers/32/cfds, Param6=NA, APIName=API1, Param5=NA, Param4=NA, Param3=NA, Param2=NA, Param1=NA, TCID=10, Type=POST, ExpResponseCode=200, Validation2=NA, Validation1=responseCode=4501, Header=header_1}]]>
              </value>
            </param>
          </params>
          <reporter-output>
          </reporter-output>
        </test-method> <!-- testMethod -->
        <test-method status="PASS" signature="afterClass()[pri:0, instance:com.lch.testscripts.TestScripts@448ff1a8]" name="afterClass" is-config="true" duration-ms="171" started-at="2018-04-19T13:48:12Z" finished-at="2018-04-19T13:48:12Z">
          <reporter-output>
          </reporter-output>
        </test-method> <!-- afterClass -->
      </class> <!-- com.lch.testscripts.TestScripts -->
    </test> <!-- Command line test -->
  </suite> <!-- Command line suite -->
</testng-results>
